<?xml version="1.0" encoding="UTF-8"?>
<!-- Generated by org.testng.reporters.JUnitReportReporter -->
<testsuite skipped="0" hostname="KiLLeR-PC" name="org.testngPractice.Execution_1" tests="2" failures="0" timestamp="30 Jul 2021 03:44:17 GMT" time="0.075" errors="0">
  <testcase name="exampleMethod4" time="0.016" classname="org.testngPractice.Execution_1"/>
  <testcase name="exampleMethod1" time="0.059" classname="org.testngPractice.Execution_1"/>
</testsuite> <!-- org.testngPractice.Execution_1 -->
