<?xml version="1.0" encoding="UTF-8"?>
<!-- Generated by org.testng.reporters.JUnitReportReporter -->
<testsuite skipped="0" hostname="KiLLeR-PC" name="org.testngPractice.AnnotationsSequence2" tests="2" failures="0" timestamp="30 Jul 2021 04:07:41 GMT" time="0.040" errors="0">
  <testcase name="testMethod1" time="0.032" classname="org.testngPractice.AnnotationsSequence2"/>
  <testcase name="testMethod2" time="0.008" classname="org.testngPractice.AnnotationsSequence2"/>
</testsuite> <!-- org.testngPractice.AnnotationsSequence2 -->
