<?xml version="1.0" encoding="UTF-8"?>
<!-- Generated by org.testng.reporters.JUnitReportReporter -->
<testsuite skipped="0" hostname="KiLLeR-PC" name="org.testngPractice.ExecutionAsPriority2" tests="5" failures="0" timestamp="02 Aug 2021 03:43:56 GMT" time="0.192" errors="0">
  <testcase name="Guest11" time="0.117" classname="org.testngPractice.ExecutionAsPriority2"/>
  <testcase name="Guest" time="0.034" classname="org.testngPractice.ExecutionAsPriority2"/>
  <testcase name="xerox" time="0.020" classname="org.testngPractice.ExecutionAsPriority2"/>
  <testcase name="customer" time="0.010" classname="org.testngPractice.ExecutionAsPriority2"/>
  <testcase name="guest" time="0.011" classname="org.testngPractice.ExecutionAsPriority2"/>
</testsuite> <!-- org.testngPractice.ExecutionAsPriority2 -->
