<?xml version="1.0" encoding="UTF-8"?>
<!-- Generated by org.testng.reporters.JUnitReportReporter -->
<testsuite skipped="0" hostname="KiLLeR-PC" name="org.testngPractice.ParallelTesting" tests="2" failures="0" timestamp="09 Aug 2021 04:01:22 GMT" time="40.912" errors="0">
  <testcase name="testMethod2" time="21.089" classname="org.testngPractice.ParallelTesting"/>
  <testcase name="testMethod1" time="19.823" classname="org.testngPractice.ParallelTesting"/>
</testsuite> <!-- org.testngPractice.ParallelTesting -->
