<?xml version="1.0" encoding="UTF-8"?>
<!-- Generated by org.testng.reporters.JUnitReportReporter -->
<testsuite skipped="0" hostname="KiLLeR-PC" name="org.testngPractice.AnnotationsSequence" tests="1" failures="0" timestamp="30 Jul 2021 04:07:08 GMT" time="0.040" errors="0">
  <testcase name="testMethod" time="0.040" classname="org.testngPractice.AnnotationsSequence"/>
</testsuite> <!-- org.testngPractice.AnnotationsSequence -->
