<?xml version="1.0" encoding="UTF-8"?>
<!-- Generated by org.testng.reporters.JUnitReportReporter -->
<testsuite skipped="0" hostname="KiLLeR-PC" name="org.testngPractice.DataProviderEx1" tests="3" failures="0" timestamp="02 Aug 2021 04:21:23 GMT" time="0.067" errors="0">
  <testcase name="testMethod" time="0.012" classname="org.testngPractice.DataProviderEx1"/>
  <testcase name="testMethod" time="0.044" classname="org.testngPractice.DataProviderEx1"/>
  <testcase name="testMethod" time="0.011" classname="org.testngPractice.DataProviderEx1"/>
</testsuite> <!-- org.testngPractice.DataProviderEx1 -->
