<?xml version="1.0" encoding="UTF-8"?>
<!-- Generated by org.testng.reporters.JUnitReportReporter -->
<testsuite skipped="0" hostname="KiLLeR-PC" name="org.testngPractice.Ex1Annotations" tests="4" failures="0" timestamp="30 Jul 2021 03:36:17 GMT" time="0.128" errors="0">
  <testcase name="exampleMethod4" time="0.014" classname="org.testngPractice.Ex1Annotations"/>
  <testcase name="exampleMethod2" time="0.025" classname="org.testngPractice.Ex1Annotations"/>
  <testcase name="exampleMethod3" time="0.049" classname="org.testngPractice.Ex1Annotations"/>
  <testcase name="exampleMethod1" time="0.040" classname="org.testngPractice.Ex1Annotations"/>
</testsuite> <!-- org.testngPractice.Ex1Annotations -->
