<?xml version="1.0" encoding="UTF-8"?>
<!-- Generated by org.testng.reporters.JUnitReportReporter -->
<testsuite skipped="0" hostname="KiLLeR-PC" name="org.testngPractice.ExecutionAsPriority" tests="4" failures="0" timestamp="30 Jul 2021 03:51:08 GMT" time="0.088" errors="0">
  <testcase name="xerox" time="0.068" classname="org.testngPractice.ExecutionAsPriority"/>
  <testcase name="customer" time="0.007" classname="org.testngPractice.ExecutionAsPriority"/>
  <testcase name="guest" time="0.008" classname="org.testngPractice.ExecutionAsPriority"/>
  <testcase name="Guest" time="0.005" classname="org.testngPractice.ExecutionAsPriority"/>
</testsuite> <!-- org.testngPractice.ExecutionAsPriority -->
