<?xml version="1.0" encoding="UTF-8"?>
<!-- Generated by org.testng.reporters.JUnitReportReporter -->
<testsuite skipped="0" hostname="KiLLeR-PC" name="org.testngPractice.GroupingEx" tests="2" failures="0" timestamp="03 Aug 2021 03:49:30 GMT" time="0.045" errors="0">
  <testcase name="customer" time="0.035" classname="org.testngPractice.GroupingEx"/>
  <testcase name="xerox" time="0.010" classname="org.testngPractice.GroupingEx"/>
</testsuite> <!-- org.testngPractice.GroupingEx -->
