<?xml version="1.0" encoding="UTF-8"?>
<!-- Generated by org.testng.reporters.JUnitReportReporter -->
<testsuite skipped="0" hostname="KiLLeR-PC" name="org.testngPractice.ParametersEx1" tests="1" failures="0" timestamp="02 Aug 2021 04:35:39 GMT" time="0.047" errors="0">
  <testcase name="guest" time="0.047" classname="org.testngPractice.ParametersEx1"/>
</testsuite> <!-- org.testngPractice.ParametersEx1 -->
