<?xml version="1.0" encoding="UTF-8"?>
<!-- Generated by org.testng.reporters.JUnitReportReporter -->
<testsuite skipped="0" hostname="KiLLeR-PC" name="org.testngPractice.DataProviderEx2" tests="3" failures="0" timestamp="02 Aug 2021 04:23:43 GMT" time="0.117" errors="0">
  <testcase name="testMethod" time="0.014" classname="org.testngPractice.DataProviderEx2"/>
  <testcase name="testMethod" time="0.091" classname="org.testngPractice.DataProviderEx2"/>
  <testcase name="testMethod" time="0.012" classname="org.testngPractice.DataProviderEx2"/>
</testsuite> <!-- org.testngPractice.DataProviderEx2 -->
