<?xml version="1.0" encoding="UTF-8"?>
<!-- Generated by org.testng.reporters.JUnitReportReporter -->
<testsuite skipped="0" hostname="KiLLeR-PC" name="org.testngPractice.Execution_2" tests="4" failures="0" timestamp="30 Jul 2021 03:47:55 GMT" time="0.090" errors="0">
  <testcase name="xerox" time="0.016" classname="org.testngPractice.Execution_2"/>
  <testcase name="customer" time="0.018" classname="org.testngPractice.Execution_2"/>
  <testcase name="guest" time="0.011" classname="org.testngPractice.Execution_2"/>
  <testcase name="Guest" time="0.045" classname="org.testngPractice.Execution_2"/>
</testsuite> <!-- org.testngPractice.Execution_2 -->
