<?xml version="1.0" encoding="UTF-8"?>
<!-- Generated by org.testng.reporters.JUnitReportReporter -->
<testsuite skipped="0" hostname="KiLLeR-PC" name="org.testngPractice.InvocationPractice" tests="3" failures="0" timestamp="30 Jul 2021 04:20:54 GMT" time="36.359" errors="0">
  <testcase name="testMethod" time="6.052" classname="org.testngPractice.InvocationPractice"/>
  <testcase name="testMethod" time="14.241" classname="org.testngPractice.InvocationPractice"/>
  <testcase name="testMethod" time="16.066" classname="org.testngPractice.InvocationPractice"/>
</testsuite> <!-- org.testngPractice.InvocationPractice -->
